app/build/outputs/logs/manifest-merger-debug-report.txt
-- Merging decision tree log ---
manifest
ADDED from src/main/AndroidManifest.xml:2:1-309:12
INJECTED from src/main/AndroidManifest.xml:2:1-309:12
INJECTED from src/main/AndroidManifest.xml:2:1-309:12
INJECTED from src/main/AndroidManifest.xml:2:1-309:12
MERGED from [com.android.support:appcompat-v7:26.1.0] AndroidManifest.xml:17:1-31:12
MERGED from [com.android.support.constraint:constraint-layout:1.0.2] AndroidManifest.xml:2:1-11:12
MERGED from [com.android.support:animated-vector-drawable:26.1.0] AndroidManifest.xml:17:1-28:12
MERGED from [com.android.support:support-vector-drawable:26.1.0] AndroidManifest.xml:17:1-28:12
MERGED from [com.android.support:support-v4:26.1.0] AndroidManifest.xml:17:1-31:12
MERGED from [com.android.support:support-media-compat:26.1.0] AndroidManifest.xml:17:1-31:12
MERGED from [com.android.support:support-fragment:26.1.0] AndroidManifest.xml:17:1-31:12
MERGED from [com.android.support:support-core-utils:26.1.0] AndroidManifest.xml:17:1-31:12
MERGED from [com.android.support:support-core-ui:26.1.0] AndroidManifest.xml:17:1-31:12
MERGED from [com.android.support:support-compat:26.1.0] AndroidManifest.xml:17:1-31:12
MERGED from [android.arch.lifecycle:runtime:1.0.0] AndroidManifest.xml:17:1-30:12
INJECTED from src/main/AndroidManifest.xml:2:1-309:12
INJECTED from src/main/AndroidManifest.xml:2:1-309:12
INJECTED from src/main/AndroidManifest.xml:2:1-309:12
	package
		ADDED from src/main/AndroidManifest.xml:3:5-28
		INJECTED from src/main/AndroidManifest.xml
		INJECTED from src/main/AndroidManifest.xml
	android:sharedUserId
		ADDED from src/main/AndroidManifest.xml:4:5-46
	android:versionName
		INJECTED from src/main/AndroidManifest.xml
		ADDED from src/main/AndroidManifest.xml:2:1-309:12
		INJECTED from src/main/AndroidManifest.xml
	android:versionCode
		INJECTED from src/main/AndroidManifest.xml
		ADDED from src/main/AndroidManifest.xml:2:1-309:12
		INJECTED from src/main/AndroidManifest.xml
	xmlns:android
		ADDED from src/main/AndroidManifest.xml:2:11-69
uses-permission#android.permission.CAMERA
ADDED from src/main/AndroidManifest.xml:6:5-65
	android:name
		ADDED from src/main/AndroidManifest.xml:6:22-62
uses-permission#android.permission.INTERNET
ADDED from src/main/AndroidManifest.xml:7:5-67
	android:name
		ADDED from src/main/AndroidManifest.xml:7:22-64
uses-permission#android.permission.READ_PHONE_STATE
ADDED from src/main/AndroidManifest.xml:8:5-75
	android:name
		ADDED from src/main/AndroidManifest.xml:8:22-72
uses-permission#android.permission.ACCESS_NETWORK_STATE
ADDED from src/main/AndroidManifest.xml:9:5-79
	android:name
		ADDED from src/main/AndroidManifest.xml:9:22-76
uses-permission#android.permission.READ_CONTACTS
ADDED from src/main/AndroidManifest.xml:10:5-72
	android:name
		ADDED from src/main/AndroidManifest.xml:10:22-69
uses-permission#android.permission.VIBRATE
ADDED from src/main/AndroidManifest.xml:12:5-66
	android:name
		ADDED from src/main/AndroidManifest.xml:12:22-63
uses-permission#android.permission.RECORD_AUDIO
ADDED from src/main/AndroidManifest.xml:14:5-71
	android:name
		ADDED from src/main/AndroidManifest.xml:14:22-68
uses-permission#android.permission.ACCESS_MOCK_LOCATION
ADDED from src/main/AndroidManifest.xml:17:5-79
	android:name
		ADDED from src/main/AndroidManifest.xml:17:22-76
uses-permission#android.permission.WRITE_EXTERNAL_STORAGE
ADDED from src/main/AndroidManifest.xml:18:5-81
	android:name
		ADDED from src/main/AndroidManifest.xml:18:22-78
uses-permission#android.permission.MOUNT_UNMOUNT_FILESYSTEMS
ADDED from src/main/AndroidManifest.xml:19:5-84
	android:name
		ADDED from src/main/AndroidManifest.xml:19:22-81
uses-permission#android.permission.ACCESS_FINE_LOCATION
ADDED from src/main/AndroidManifest.xml:20:5-79
	android:name
		ADDED from src/main/AndroidManifest.xml:20:22-76
uses-permission#android.permission.GET_TASKS
ADDED from src/main/AndroidManifest.xml:21:5-68
	android:name
		ADDED from src/main/AndroidManifest.xml:21:22-65
uses-permission#android.permission.ACCESS_WIFI_STATE
ADDED from src/main/AndroidManifest.xml:22:5-76
	android:name
		ADDED from src/main/AndroidManifest.xml:22:22-73
uses-permission#android.permission.CHANGE_WIFI_STATE
ADDED from src/main/AndroidManifest.xml:23:5-76
	android:name
		ADDED from src/main/AndroidManifest.xml:23:22-73
uses-permission#android.permission.WAKE_LOCK
ADDED from src/main/AndroidManifest.xml:24:5-68
	android:name
		ADDED from src/main/AndroidManifest.xml:24:22-65
uses-permission#android.permission.MODIFY_AUDIO_SETTINGS
ADDED from src/main/AndroidManifest.xml:25:5-80
	android:name
		ADDED from src/main/AndroidManifest.xml:25:22-77
uses-permission#android.permission.RECEIVE_BOOT_COMPLETED
ADDED from src/main/AndroidManifest.xml:27:5-81
	android:name
		ADDED from src/main/AndroidManifest.xml:27:22-78
uses-permission#android.permission.GET_ACCOUNTS
ADDED from src/main/AndroidManifest.xml:29:5-71
	android:name
		ADDED from src/main/AndroidManifest.xml:29:22-68
uses-permission#android.permission.USE_CREDENTIALS
ADDED from src/main/AndroidManifest.xml:30:5-74
	android:name
		ADDED from src/main/AndroidManifest.xml:30:22-71
uses-permission#android.permission.MANAGE_ACCOUNTS
ADDED from src/main/AndroidManifest.xml:31:5-74
	android:name
		ADDED from src/main/AndroidManifest.xml:31:22-71
uses-permission#android.permission.AUTHENTICATE_ACCOUNTS
ADDED from src/main/AndroidManifest.xml:32:5-80
	android:name
		ADDED from src/main/AndroidManifest.xml:32:22-77
uses-permission#com.android.launcher.permission.READ_SETTINGS
ADDED from src/main/AndroidManifest.xml:33:5-85
	android:name
		ADDED from src/main/AndroidManifest.xml:33:22-82
uses-permission#android.permission.BROADCAST_STICKY
ADDED from src/main/AndroidManifest.xml:34:5-75
	android:name
		ADDED from src/main/AndroidManifest.xml:34:22-72
uses-permission#android.permission.WRITE_SETTINGS
ADDED from src/main/AndroidManifest.xml:35:5-73
	android:name
		ADDED from src/main/AndroidManifest.xml:35:22-70
uses-permission#android.permission.ACCESS_DOWNLOAD_MANAGER
ADDED from src/main/AndroidManifest.xml:38:5-81
	android:name
		ADDED from src/main/AndroidManifest.xml:38:22-79
uses-permission#android.permission.DOWNLOAD_WITHOUT_NOTIFICATION
ADDED from src/main/AndroidManifest.xml:39:5-88
	android:name
		ADDED from src/main/AndroidManifest.xml:39:22-85
uses-permission#android.permission.DISABLE_KEYGUARD
ADDED from src/main/AndroidManifest.xml:40:5-75
	android:name
		ADDED from src/main/AndroidManifest.xml:40:22-72
uses-permission#android.permission.ACCESS_COARSE_LOCATION
ADDED from src/main/AndroidManifest.xml:41:5-81
	android:name
		ADDED from src/main/AndroidManifest.xml:41:22-78
application
ADDED from src/main/AndroidManifest.xml:43:5-307:19
MERGED from [com.android.support:appcompat-v7:26.1.0] AndroidManifest.xml:25:5-29:19
MERGED from [com.android.support:appcompat-v7:26.1.0] AndroidManifest.xml:25:5-29:19
MERGED from [com.android.support.constraint:constraint-layout:1.0.2] AndroidManifest.xml:9:5-20
MERGED from [com.android.support.constraint:constraint-layout:1.0.2] AndroidManifest.xml:9:5-20
MERGED from [com.android.support:animated-vector-drawable:26.1.0] AndroidManifest.xml:22:5-26:19
MERGED from [com.android.support:animated-vector-drawable:26.1.0] AndroidManifest.xml:22:5-26:19
MERGED from [com.android.support:support-vector-drawable:26.1.0] AndroidManifest.xml:22:5-26:19
MERGED from [com.android.support:support-vector-drawable:26.1.0] AndroidManifest.xml:22:5-26:19
MERGED from [com.android.support:support-v4:26.1.0] AndroidManifest.xml:25:5-29:19
MERGED from [com.android.support:support-v4:26.1.0] AndroidManifest.xml:25:5-29:19
MERGED from [com.android.support:support-media-compat:26.1.0] AndroidManifest.xml:25:5-29:19
MERGED from [com.android.support:support-media-compat:26.1.0] AndroidManifest.xml:25:5-29:19
MERGED from [com.android.support:support-fragment:26.1.0] AndroidManifest.xml:25:5-29:19
MERGED from [com.android.support:support-fragment:26.1.0] AndroidManifest.xml:25:5-29:19
MERGED from [com.android.support:support-core-utils:26.1.0] AndroidManifest.xml:25:5-29:19
MERGED from [com.android.support:support-core-utils:26.1.0] AndroidManifest.xml:25:5-29:19
MERGED from [com.android.support:support-core-ui:26.1.0] AndroidManifest.xml:25:5-29:19
MERGED from [com.android.support:support-core-ui:26.1.0] AndroidManifest.xml:25:5-29:19
MERGED from [com.android.support:support-compat:26.1.0] AndroidManifest.xml:25:5-29:19
MERGED from [com.android.support:support-compat:26.1.0] AndroidManifest.xml:25:5-29:19
MERGED from [android.arch.lifecycle:runtime:1.0.0] AndroidManifest.xml:24:5-28:19
MERGED from [android.arch.lifecycle:runtime:1.0.0] AndroidManifest.xml:24:5-28:19
	android:label
		ADDED from src/main/AndroidManifest.xml:47:9-41
	android:icon
		ADDED from src/main/AndroidManifest.xml:46:9-38
	android:allowBackup
		ADDED from src/main/AndroidManifest.xml:44:9-35
	android:theme
		ADDED from src/main/AndroidManifest.xml:48:9-40
	android:name
		ADDED from src/main/AndroidManifest.xml:45:9-43
activity#com.lp.wechat.SplashActivity
ADDED from src/main/AndroidManifest.xml:49:9-58:20
	android:screenOrientation
		ADDED from src/main/AndroidManifest.xml:51:13-49
	android:label
		ADDED from src/main/AndroidManifest.xml:52:13-45
	android:name
		ADDED from src/main/AndroidManifest.xml:50:13-43
intent-filter#action:name:android.intent.action.MAIN+category:name:android.intent.category.LAUNCHER
ADDED from src/main/AndroidManifest.xml:53:13-57:29
action#android.intent.action.MAIN
ADDED from src/main/AndroidManifest.xml:54:17-69
	android:name
		ADDED from src/main/AndroidManifest.xml:54:25-66
category#android.intent.category.LAUNCHER
ADDED from src/main/AndroidManifest.xml:56:17-77
	android:name
		ADDED from src/main/AndroidManifest.xml:56:27-74
activity#com.lp.wechat.MainActivity
ADDED from src/main/AndroidManifest.xml:59:9-61:20
	android:screenOrientation
		ADDED from src/main/AndroidManifest.xml:60:43-79
	android:name
		ADDED from src/main/AndroidManifest.xml:60:13-41
activity#com.lp.wechat.view.activity.LoginActivity
ADDED from src/main/AndroidManifest.xml:62:9-64:20
	android:screenOrientation
		ADDED from src/main/AndroidManifest.xml:63:58-94
	android:name
		ADDED from src/main/AndroidManifest.xml:63:13-56
activity#com.lp.wechat.view.activity.RegisterActivity
ADDED from src/main/AndroidManifest.xml:65:9-67:20
	android:screenOrientation
		ADDED from src/main/AndroidManifest.xml:66:61-97
	android:name
		ADDED from src/main/AndroidManifest.xml:66:13-59
activity#com.lp.wechat.view.activity.FriendMsgActivity
ADDED from src/main/AndroidManifest.xml:68:9-70:20
	android:screenOrientation
		ADDED from src/main/AndroidManifest.xml:69:62-98
	android:name
		ADDED from src/main/AndroidManifest.xml:69:13-60
activity#com.lp.wechat.view.activity.PublishUserListActivity
ADDED from src/main/AndroidManifest.xml:71:9-73:20
	android:screenOrientation
		ADDED from src/main/AndroidManifest.xml:72:68-104
	android:name
		ADDED from src/main/AndroidManifest.xml:72:13-66
activity#com.lp.wechat.view.activity.PublicActivity
ADDED from src/main/AndroidManifest.xml:74:9-76:20
	android:screenOrientation
		ADDED from src/main/AndroidManifest.xml:75:59-95
	android:name
		ADDED from src/main/AndroidManifest.xml:75:13-57
activity#com.lp.wechat.view.activity.SearchActivity
ADDED from src/main/AndroidManifest.xml:77:9-79:20
	android:screenOrientation
		ADDED from src/main/AndroidManifest.xml:78:59-95
	android:name
		ADDED from src/main/AndroidManifest.xml:78:13-57
activity#com.lp.wechat.view.activity.NewFriendsListActivity
ADDED from src/main/AndroidManifest.xml:80:9-82:20
	android:screenOrientation
		ADDED from src/main/AndroidManifest.xml:81:67-103
	android:name
		ADDED from src/main/AndroidManifest.xml:81:13-65
activity#com.lp.wechat.view.activity.GroupListActivity
ADDED from src/main/AndroidManifest.xml:83:9-85:20
	android:screenOrientation
		ADDED from src/main/AndroidManifest.xml:84:62-98
	android:name
		ADDED from src/main/AndroidManifest.xml:84:13-60
activity#com.lp.wechat.view.activity.PublishMsgListActivity
ADDED from src/main/AndroidManifest.xml:86:9-88:20
	android:screenOrientation
		ADDED from src/main/AndroidManifest.xml:87:67-103
	android:name
		ADDED from src/main/AndroidManifest.xml:87:13-65
activity#com.lp.wechat.view.activity.SettingActivity
ADDED from src/main/AndroidManifest.xml:89:9-91:20
	android:screenOrientation
		ADDED from src/main/AndroidManifest.xml:90:60-96
	android:name
		ADDED from src/main/AndroidManifest.xml:90:13-58
activity#com.lp.wechat.view.activity.AlbumActivity
ADDED from src/main/AndroidManifest.xml:92:9-94:20
	android:screenOrientation
		ADDED from src/main/AndroidManifest.xml:93:58-94
	android:name
		ADDED from src/main/AndroidManifest.xml:93:13-56
activity#com.lp.wechat.view.activity.PublishMsgDetailActivity
ADDED from src/main/AndroidManifest.xml:95:9-97:20
	android:screenOrientation
		ADDED from src/main/AndroidManifest.xml:96:69-105
	android:name
		ADDED from src/main/AndroidManifest.xml:96:13-67
activity#com.lp.wechat.view.activity.GetMoneyActivity
ADDED from src/main/AndroidManifest.xml:98:9-100:20
	android:screenOrientation
		ADDED from src/main/AndroidManifest.xml:99:61-97
	android:name
		ADDED from src/main/AndroidManifest.xml:99:13-59
activity#com.lp.wechat.view.activity.SetMoneyActivity
ADDED from src/main/AndroidManifest.xml:101:9-103:20
	android:screenOrientation
		ADDED from src/main/AndroidManifest.xml:102:61-97
	android:name
		ADDED from src/main/AndroidManifest.xml:102:13-59
activity#com.lp.wechat.view.activity.AddFromContactActivity
ADDED from src/main/AndroidManifest.xml:104:9-106:20
	android:screenOrientation
		ADDED from src/main/AndroidManifest.xml:105:67-103
	android:name
		ADDED from src/main/AndroidManifest.xml:105:13-65
activity#com.lp.wechat.view.activity.EditUserNameActivity
ADDED from src/main/AndroidManifest.xml:107:9-109:20
	android:screenOrientation
		ADDED from src/main/AndroidManifest.xml:108:65-101
	android:name
		ADDED from src/main/AndroidManifest.xml:108:13-63
activity#com.lp.wechat.view.activity.WebViewActivity
ADDED from src/main/AndroidManifest.xml:110:9-115:20
	android:screenOrientation
		ADDED from src/main/AndroidManifest.xml:112:13-47
	android:windowSoftInputMode
		ADDED from src/main/AndroidManifest.xml:114:13-72
	android:configChanges
		ADDED from src/main/AndroidManifest.xml:113:13-85
	android:name
		ADDED from src/main/AndroidManifest.xml:111:13-58
activity#com.lp.wechat.zxing.CaptureActivity
ADDED from src/main/AndroidManifest.xml:117:9-119:20
	android:screenOrientation
		ADDED from src/main/AndroidManifest.xml:118:52-88
	android:name
		ADDED from src/main/AndroidManifest.xml:118:13-50
activity#com.lp.wechat.view.activity.MyCodeActivity
ADDED from src/main/AndroidManifest.xml:120:9-122:20
	android:screenOrientation
		ADDED from src/main/AndroidManifest.xml:121:59-95
	android:name
		ADDED from src/main/AndroidManifest.xml:121:13-57
service#com.lp.wechat.view.UpdateService
ADDED from src/main/AndroidManifest.xml:123:9-63
	android:name
		ADDED from src/main/AndroidManifest.xml:123:18-52
activity#com.lp.wechat.view.activity.ShareActivity
ADDED from src/main/AndroidManifest.xml:125:9-149:20
	android:label
		ADDED from src/main/AndroidManifest.xml:127:13-45
	android:name
		ADDED from src/main/AndroidManifest.xml:126:13-56
intent-filter#action:name:android.intent.action.SEND+category:name:android.intent.category.DEFAULT+data:mimeType:image/*
ADDED from src/main/AndroidManifest.xml:128:13-134:29
action#android.intent.action.SEND
ADDED from src/main/AndroidManifest.xml:129:17-69
	android:name
		ADDED from src/main/AndroidManifest.xml:129:25-66
category#android.intent.category.DEFAULT
ADDED from src/main/AndroidManifest.xml:131:17-76
	android:name
		ADDED from src/main/AndroidManifest.xml:131:27-73
data
ADDED from src/main/AndroidManifest.xml:133:17-52
	android:mimeType
		ADDED from src/main/AndroidManifest.xml:133:23-49
intent-filter#action:name:android.intent.action.SEND+category:name:android.intent.category.DEFAULT+data:mimeType:text/plain
ADDED from src/main/AndroidManifest.xml:135:13-141:29
intent-filter#action:name:android.intent.action.SEND_MULTIPLE+category:name:android.intent.category.DEFAULT+data:mimeType:image/*
ADDED from src/main/AndroidManifest.xml:142:13-148:29
action#android.intent.action.SEND_MULTIPLE
ADDED from src/main/AndroidManifest.xml:143:17-78
	android:name
		ADDED from src/main/AndroidManifest.xml:143:25-75
activity#com.lp.wechat.chat.ChatActivity
ADDED from src/main/AndroidManifest.xml:152:9-158:20
	android:screenOrientation
		ADDED from src/main/AndroidManifest.xml:155:13-49
	android:launchMode
		ADDED from src/main/AndroidManifest.xml:154:13-43
	android:windowSoftInputMode
		ADDED from src/main/AndroidManifest.xml:157:13-65
	android:configChanges
		ADDED from src/main/AndroidManifest.xml:156:13-85
	android:name
		ADDED from src/main/AndroidManifest.xml:153:13-46
activity#com.lp.wechat.view.activity.AddGroupChatActivity
ADDED from src/main/AndroidManifest.xml:159:9-162:20
	android:screenOrientation
		ADDED from src/main/AndroidManifest.xml:161:13-49
	android:name
		ADDED from src/main/AndroidManifest.xml:160:13-63
activity#com.lp.wechat.view.activity.GroupSettingActivity
ADDED from src/main/AndroidManifest.xml:163:9-166:20
	android:screenOrientation
		ADDED from src/main/AndroidManifest.xml:165:13-49
	android:name
		ADDED from src/main/AndroidManifest.xml:164:13-63
activity#com.lp.wechat.chat.VoiceCallActivity
ADDED from src/main/AndroidManifest.xml:167:9-170:20
	android:screenOrientation
		ADDED from src/main/AndroidManifest.xml:169:13-49
	android:name
		ADDED from src/main/AndroidManifest.xml:168:13-51
activity#com.lp.wechat.chat.VideoCallActivity
ADDED from src/main/AndroidManifest.xml:171:9-174:20
	android:screenOrientation
		ADDED from src/main/AndroidManifest.xml:173:13-49
	android:name
		ADDED from src/main/AndroidManifest.xml:172:13-51
activity#com.lp.wechat.chat.BaiduMapActivity
ADDED from src/main/AndroidManifest.xml:175:9-178:20
	android:screenOrientation
		ADDED from src/main/AndroidManifest.xml:177:13-49
	android:name
		ADDED from src/main/AndroidManifest.xml:176:13-50
activity#com.lp.wechat.chat.AlertDialog
ADDED from src/main/AndroidManifest.xml:179:9-183:20
	android:screenOrientation
		ADDED from src/main/AndroidManifest.xml:182:13-49
	android:theme
		ADDED from src/main/AndroidManifest.xml:181:13-49
	android:name
		ADDED from src/main/AndroidManifest.xml:180:13-45
activity#com.lp.wechat.chat.ContextMenu
ADDED from src/main/AndroidManifest.xml:184:9-188:20
	android:screenOrientation
		ADDED from src/main/AndroidManifest.xml:187:13-49
	android:theme
		ADDED from src/main/AndroidManifest.xml:186:13-49
	android:name
		ADDED from src/main/AndroidManifest.xml:185:13-45
activity#com.lp.wechat.chat.ShowBigImage
ADDED from src/main/AndroidManifest.xml:189:9-193:20
	android:screenOrientation
		ADDED from src/main/AndroidManifest.xml:192:13-49
	android:theme
		ADDED from src/main/AndroidManifest.xml:191:13-52
	android:name
		ADDED from src/main/AndroidManifest.xml:190:13-46
activity#com.lp.wechat.chat.ShowNormalFileActivity
ADDED from src/main/AndroidManifest.xml:194:9-197:20
	android:screenOrientation
		ADDED from src/main/AndroidManifest.xml:196:13-49
	android:name
		ADDED from src/main/AndroidManifest.xml:195:13-56
activity#com.lp.wechat.chat.ShowVideoActivity
ADDED from src/main/AndroidManifest.xml:198:9-203:20
	android:screenOrientation
		ADDED from src/main/AndroidManifest.xml:202:13-49
	android:windowSoftInputMode
		ADDED from src/main/AndroidManifest.xml:201:13-60
	android:theme
		ADDED from src/main/AndroidManifest.xml:200:13-52
	android:name
		ADDED from src/main/AndroidManifest.xml:199:13-51
receiver#com.easemob.chat.StartServiceReceiver
ADDED from src/main/AndroidManifest.xml:205:9-212:20
	android:name
		ADDED from src/main/AndroidManifest.xml:205:19-71
intent-filter#action:name:android.intent.action.BOOT_COMPLETED+action:name:android.intent.action.QUICKBOOT_POWERON+category:name:android.intent.category.LAUNCHER
ADDED from src/main/AndroidManifest.xml:206:13-211:29
	android:priority
		ADDED from src/main/AndroidManifest.xml:206:28-51
action#android.intent.action.BOOT_COMPLETED
ADDED from src/main/AndroidManifest.xml:207:17-79
	android:name
		ADDED from src/main/AndroidManifest.xml:207:25-76
action#android.intent.action.QUICKBOOT_POWERON
ADDED from src/main/AndroidManifest.xml:208:17-82
	android:name
		ADDED from src/main/AndroidManifest.xml:208:25-79
meta-data#EASEMOB_APPKEY
ADDED from src/main/AndroidManifest.xml:216:9-218:43
	android:value
		ADDED from src/main/AndroidManifest.xml:218:13-40
	android:name
		ADDED from src/main/AndroidManifest.xml:217:13-42
service#com.easemob.chat.EMChatService
ADDED from src/main/AndroidManifest.xml:220:9-66
	android:name
		ADDED from src/main/AndroidManifest.xml:220:18-63
service#com.baidu.location.f
ADDED from src/main/AndroidManifest.xml:223:9-227:15
	android:process
		ADDED from src/main/AndroidManifest.xml:226:13-38
	android:enabled
		ADDED from src/main/AndroidManifest.xml:225:13-35
	android:name
		ADDED from src/main/AndroidManifest.xml:224:13-48
meta-data#UMENG_APPKEY
ADDED from src/main/AndroidManifest.xml:229:9-232:21
	android:value
		ADDED from src/main/AndroidManifest.xml:231:13-53
	android:name
		ADDED from src/main/AndroidManifest.xml:230:13-40
meta-data#com.baidu.lbsapi.API_KEY
ADDED from src/main/AndroidManifest.xml:233:9-235:64
	android:value
		ADDED from src/main/AndroidManifest.xml:235:13-61
	android:name
		ADDED from src/main/AndroidManifest.xml:234:13-52
service#com.baidu.android.pushservice.PushService
ADDED from src/main/AndroidManifest.xml:242:9-249:19
	android:process
		ADDED from src/main/AndroidManifest.xml:245:13-44
	android:exported
		ADDED from src/main/AndroidManifest.xml:244:13-36
	android:name
		ADDED from src/main/AndroidManifest.xml:243:13-69
intent-filter#action:name:com.baidu.android.pushservice.action.PUSH_SERVICE
ADDED from src/main/AndroidManifest.xml:246:13-248:29
action#com.baidu.android.pushservice.action.PUSH_SERVICE
ADDED from src/main/AndroidManifest.xml:247:17-91
	android:name
		ADDED from src/main/AndroidManifest.xml:247:25-89
service#com.baidu.android.pushservice.CommandService
ADDED from src/main/AndroidManifest.xml:251:9-253:39
	android:exported
		ADDED from src/main/AndroidManifest.xml:253:13-36
	android:name
		ADDED from src/main/AndroidManifest.xml:252:13-72
receiver#com.baidu.android.pushservice.PushServiceReceiver
ADDED from src/main/AndroidManifest.xml:254:9-262:20
	android:process
		ADDED from src/main/AndroidManifest.xml:255:13-44
	android:name
		ADDED from src/main/AndroidManifest.xml:254:19-83
intent-filter#action:name:android.intent.action.BOOT_COMPLETED+action:name:android.net.conn.CONNECTIVITY_CHANGE+action:name:com.baidu.android.pushservice.action.media.CLICK+action:name:com.baidu.android.pushservice.action.notification.SHOW
ADDED from src/main/AndroidManifest.xml:256:13-261:29
action#android.net.conn.CONNECTIVITY_CHANGE
ADDED from src/main/AndroidManifest.xml:258:17-79
	android:name
		ADDED from src/main/AndroidManifest.xml:258:25-76
action#com.baidu.android.pushservice.action.notification.SHOW
ADDED from src/main/AndroidManifest.xml:259:17-97
	android:name
		ADDED from src/main/AndroidManifest.xml:259:25-94
action#com.baidu.android.pushservice.action.media.CLICK
ADDED from src/main/AndroidManifest.xml:260:17-91
	android:name
		ADDED from src/main/AndroidManifest.xml:260:25-88
receiver#com.lp.wechat.PushMessageReceiver
ADDED from src/main/AndroidManifest.xml:264:9-272:20
	android:name
		ADDED from src/main/AndroidManifest.xml:264:19-67
intent-filter#action:name:com.baidu.android.pushservice.action.MESSAGE+action:name:com.baidu.android.pushservice.action.RECEIVE+action:name:com.baidu.android.pushservice.action.notification.CLICK
ADDED from src/main/AndroidManifest.xml:265:13-271:29
action#com.baidu.android.pushservice.action.MESSAGE
ADDED from src/main/AndroidManifest.xml:267:17-87
	android:name
		ADDED from src/main/AndroidManifest.xml:267:25-84
action#com.baidu.android.pushservice.action.RECEIVE
ADDED from src/main/AndroidManifest.xml:269:17-87
	android:name
		ADDED from src/main/AndroidManifest.xml:269:25-84
action#com.baidu.android.pushservice.action.notification.CLICK
ADDED from src/main/AndroidManifest.xml:270:17-98
	android:name
		ADDED from src/main/AndroidManifest.xml:270:25-95
meta-data#api_key
ADDED from src/main/AndroidManifest.xml:306:9-86
	android:value
		ADDED from src/main/AndroidManifest.xml:306:43-83
	android:name
		ADDED from src/main/AndroidManifest.xml:306:20-42
uses-sdk
INJECTED from src/main/AndroidManifest.xml reason: use-sdk injection requested
INJECTED from src/main/AndroidManifest.xml
INJECTED from src/main/AndroidManifest.xml
MERGED from [com.android.support:appcompat-v7:26.1.0] AndroidManifest.xml:21:5-23:78
MERGED from [com.android.support:appcompat-v7:26.1.0] AndroidManifest.xml:21:5-23:78
MERGED from [com.android.support.constraint:constraint-layout:1.0.2] AndroidManifest.xml:5:5-7:41
MERGED from [com.android.support.constraint:constraint-layout:1.0.2] AndroidManifest.xml:5:5-7:41
MERGED from [com.android.support:animated-vector-drawable:26.1.0] AndroidManifest.xml:20:5-44
MERGED from [com.android.support:animated-vector-drawable:26.1.0] AndroidManifest.xml:20:5-44
MERGED from [com.android.support:support-vector-drawable:26.1.0] AndroidManifest.xml:20:5-44
MERGED from [com.android.support:support-vector-drawable:26.1.0] AndroidManifest.xml:20:5-44
MERGED from [com.android.support:support-v4:26.1.0] AndroidManifest.xml:21:5-23:54
MERGED from [com.android.support:support-v4:26.1.0] AndroidManifest.xml:21:5-23:54
MERGED from [com.android.support:support-media-compat:26.1.0] AndroidManifest.xml:21:5-23:63
MERGED from [com.android.support:support-media-compat:26.1.0] AndroidManifest.xml:21:5-23:63
MERGED from [com.android.support:support-fragment:26.1.0] AndroidManifest.xml:21:5-23:60
MERGED from [com.android.support:support-fragment:26.1.0] AndroidManifest.xml:21:5-23:60
MERGED from [com.android.support:support-core-utils:26.1.0] AndroidManifest.xml:21:5-23:61
MERGED from [com.android.support:support-core-utils:26.1.0] AndroidManifest.xml:21:5-23:61
MERGED from [com.android.support:support-core-ui:26.1.0] AndroidManifest.xml:21:5-23:58
MERGED from [com.android.support:support-core-ui:26.1.0] AndroidManifest.xml:21:5-23:58
MERGED from [com.android.support:support-compat:26.1.0] AndroidManifest.xml:21:5-23:58
MERGED from [com.android.support:support-compat:26.1.0] AndroidManifest.xml:21:5-23:58
MERGED from [android.arch.lifecycle:runtime:1.0.0] AndroidManifest.xml:20:5-22:41
MERGED from [android.arch.lifecycle:runtime:1.0.0] AndroidManifest.xml:20:5-22:41
INJECTED from src/main/AndroidManifest.xml
INJECTED from src/main/AndroidManifest.xml
	tools:overrideLibrary
		ADDED from [com.android.support:appcompat-v7:26.1.0] AndroidManifest.xml:23:9-75
	android:targetSdkVersion
		INJECTED from src/main/AndroidManifest.xml
		ADDED from src/main/AndroidManifest.xml
		INJECTED from src/main/AndroidManifest.xml
	android:minSdkVersion
		INJECTED from src/main/AndroidManifest.xml
		ADDED from src/main/AndroidManifest.xml
		INJECTED from src/main/AndroidManifest.xml
meta-data#android.support.VERSION
ADDED from [com.android.support:appcompat-v7:26.1.0] AndroidManifest.xml:26:9-28:38
MERGED from [com.android.support:animated-vector-drawable:26.1.0] AndroidManifest.xml:23:9-25:38
MERGED from [com.android.support:animated-vector-drawable:26.1.0] AndroidManifest.xml:23:9-25:38
MERGED from [com.android.support:support-vector-drawable:26.1.0] AndroidManifest.xml:23:9-25:38
MERGED from [com.android.support:support-vector-drawable:26.1.0] AndroidManifest.xml:23:9-25:38
MERGED from [com.android.support:support-v4:26.1.0] AndroidManifest.xml:26:9-28:38
MERGED from [com.android.support:support-v4:26.1.0] AndroidManifest.xml:26:9-28:38
MERGED from [com.android.support:support-media-compat:26.1.0] AndroidManifest.xml:26:9-28:38
MERGED from [com.android.support:support-media-compat:26.1.0] AndroidManifest.xml:26:9-28:38
MERGED from [com.android.support:support-fragment:26.1.0] AndroidManifest.xml:26:9-28:38
MERGED from [com.android.support:support-fragment:26.1.0] AndroidManifest.xml:26:9-28:38
MERGED from [com.android.support:support-core-utils:26.1.0] AndroidManifest.xml:26:9-28:38
MERGED from [com.android.support:support-core-utils:26.1.0] AndroidManifest.xml:26:9-28:38
MERGED from [com.android.support:support-core-ui:26.1.0] AndroidManifest.xml:26:9-28:38
MERGED from [com.android.support:support-core-ui:26.1.0] AndroidManifest.xml:26:9-28:38
MERGED from [com.android.support:support-compat:26.1.0] AndroidManifest.xml:26:9-28:38
MERGED from [com.android.support:support-compat:26.1.0] AndroidManifest.xml:26:9-28:38
	android:value
		ADDED from [com.android.support:appcompat-v7:26.1.0] AndroidManifest.xml:28:13-35
	android:name
		ADDED from [com.android.support:appcompat-v7:26.1.0] AndroidManifest.xml:27:13-51
meta-data#android.arch.lifecycle.VERSION
ADDED from [android.arch.lifecycle:runtime:1.0.0] AndroidManifest.xml:25:9-27:47
	android:value
		ADDED from [android.arch.lifecycle:runtime:1.0.0] AndroidManifest.xml:27:13-44
	android:name
		ADDED from [android.arch.lifecycle:runtime:1.0.0] AndroidManifest.xml:26:13-58